<?xml version="1.0" encoding="UTF-8"?>
<testsuite xmlns:xsi="http://www.w3.org/2001/XMLSchema-instance" xsi:noNamespaceSchemaLocation="https://maven.apache.org/surefire/maven-surefire-plugin/xsd/surefire-test-report.xsd" name="calculator_ST.EvaluateTest" time="0.033" tests="21" errors="0" skipped="0" failures="0">
  <properties>
[...]
</properties>
  <testcase name="solve_1" classname="calculator_ST.EvaluateTest" time="0.013"/>
  <testcase name="solve_2" classname="calculator_ST.EvaluateTest" time="0"/>
  <testcase name="solve_3" classname="calculator_ST.EvaluateTest" time="0"/>
  <testcase name="solve_4" classname="calculator_ST.EvaluateTest" time="0"/>
  <testcase name="solve_5" classname="calculator_ST.EvaluateTest" time="0.002"/>
  <testcase name="random_op" classname="calculator_ST.EvaluateTest" time="0"/>
  <testcase name="testHasPrecedence_1" classname="calculator_ST.EvaluateTest" time="0"/>
  <testcase name="testHasPrecedence_2" classname="calculator_ST.EvaluateTest" time="0.001"/>
  <testcase name="testEvaluate_1" classname="calculator_ST.EvaluateTest" time="0.001"/>
  <testcase name="testEvaluate_2" classname="calculator_ST.EvaluateTest" time="0.001"/>
  <testcase name="testEvaluate_3" classname="calculator_ST.EvaluateTest" time="0"/>
  <testcase name="testEvaluate_4" classname="calculator_ST.EvaluateTest" time="0"/>
  <testcase name="testEvaluate_5" classname="calculator_ST.EvaluateTest" time="0.001"/>
  <testcase name="testEvaluate_6" classname="calculator_ST.EvaluateTest" time="0"/>
  <testcase name="testEvaluate_7" classname="calculator_ST.EvaluateTest" time="0.001"/>
  <testcase name="testEvaluate_8" classname="calculator_ST.EvaluateTest" time="0.001"/>
  <testcase name="testEvaluate_9" classname="calculator_ST.EvaluateTest" time="0"/>
  <testcase name="testEvaluate_10" classname="calculator_ST.EvaluateTest" time="0"/>
  <testcase name="testEvaluate_11" classname="calculator_ST.EvaluateTest" time="0.001"/>
  <testcase name="testEvaluate_12" classname="calculator_ST.EvaluateTest" time="0.001"/>
  <testcase name="testEvaluate_13" classname="calculator_ST.EvaluateTest" time="0"/>
</testsuite>